<?xml version="1.0" encoding="UTF-8"?>
<!-- Generated by org.testng.reporters.JUnitXMLReporter -->
<testsuite ignored="0" hostname="DESKTOP-HUKRRR5" failures="0" tests="2" name="Firefox Test" time="0.254" errors="0" timestamp="2021-06-05T06:50:09 PDT">
  <testcase classname="com.automation.base.BaseTest" name="@BeforeSuite OpenBrowser" time="-1.622901009069E9">
    <failure type="org.testng.TestNGException" message="
Parameter &amp;apos;browser&amp;apos; is required by BeforeSuite on method OpenBrowser but has not been marked @Optional or defined
in E:\projects\Testing\testng.xml">
      <![CDATA[org.testng.TestNGException: 
Parameter 'browser' is required by BeforeSuite on method OpenBrowser but has not been marked @Optional or defined
in E:\projects\Testing\testng.xml
... Removed 16 stack frames]]>
    </failure>
  </testcase> <!-- @BeforeSuite OpenBrowser -->
  <testcase classname="com.automation.base.BaseTest" name="@BeforeTest initireports" time="-1.622901009141E9">
    <skipped/>
  </testcase> <!-- @BeforeTest initireports -->
  <testcase classname="com.automation.base.BaseTest" name="@BeforeTest initireports" time="-1.622901009147E9">
    <skipped/>
  </testcase> <!-- @BeforeTest initireports -->
  <testcase classname="com.automation.base.BaseTest" name="@BeforeMethod beforemethod" time="-1.622901009264E9">
    <skipped/>
  </testcase> <!-- @BeforeMethod beforemethod -->
  <testcase classname="com.automation.base.BaseTest" name="@BeforeMethod beforemethod" time="-1.622901009264E9">
    <skipped/>
  </testcase> <!-- @BeforeMethod beforemethod -->
  <testcase classname="com.automation.base.BaseTest" name="@AfterMethod aftermethod" time="-1.622901009297E9">
    <skipped/>
  </testcase> <!-- @AfterMethod aftermethod -->
  <testcase classname="com.automation.base.BaseTest" name="@AfterMethod aftermethod" time="-1.622901009325E9">
    <skipped/>
  </testcase> <!-- @AfterMethod aftermethod -->
  <testcase classname="com.automation.base.BaseTest" name="@BeforeMethod beforemethod" time="-1.622901009326E9">
    <skipped/>
  </testcase> <!-- @BeforeMethod beforemethod -->
  <testcase classname="com.automation.base.BaseTest" name="@BeforeMethod beforemethod" time="-1.622901009328E9">
    <skipped/>
  </testcase> <!-- @BeforeMethod beforemethod -->
  <testcase classname="com.automation.base.BaseTest" name="@AfterMethod aftermethod" time="-1.622901009355E9">
    <skipped/>
  </testcase> <!-- @AfterMethod aftermethod -->
  <testcase classname="com.automation.base.BaseTest" name="@AfterMethod aftermethod" time="-1.622901009359E9">
    <skipped/>
  </testcase> <!-- @AfterMethod aftermethod -->
  <testcase classname="com.automation.base.BaseTest" name="@AfterTest generteRepots" time="-1.622901009375E9">
    <skipped/>
  </testcase> <!-- @AfterTest generteRepots -->
  <testcase classname="com.automation.base.BaseTest" name="@AfterTest generteRepots" time="-1.622901009383E9">
    <skipped/>
  </testcase> <!-- @AfterTest generteRepots -->
  <testcase classname="com.automation.bussinessscript.FbTest" name="fblogin" time="0.0">
    <skipped/>
  </testcase> <!-- fblogin -->
  <testcase classname="com.automation.bussinessscript.FbTest" name="second" time="0.0">
    <skipped/>
  </testcase> <!-- second -->
</testsuite> <!-- Firefox Test -->
