<?xml version="1.0" encoding="UTF-8"?>
<!-- Generated by org.testng.reporters.JUnitXMLReporter -->
<testsuite ignored="8" hostname="DESKTOP-HUKRRR5" failures="1" tests="3" name="Test" time="26.559" errors="0" timestamp="2021-05-27T06:46:45 PDT">
  <testcase classname="com.automation.bussinessscript.FbTest" name="fblogin" time="5.832"/>
  <testcase classname="com.automation.bussinessscript.GmailTest" name="gmailogin" time="8.814"/>
  <testcase classname="com.automation.bussinessscript.FlipKart" name="login" time="5.217">
    <failure type="java.lang.IllegalArgumentException" message="Cannot find elements when the XPath is null.">
      <![CDATA[java.lang.IllegalArgumentException: Cannot find elements when the XPath is null.
at org.openqa.selenium.By$ByXPath.<init>(By.java:339)
at org.openqa.selenium.By.xpath(By.java:92)
at com.automation.bussinessscript.FlipKart.login(FlipKart.java:41)
at java.base/java.util.ArrayList.forEach(ArrayList.java:1511)
... Removed 27 stack frames]]>
    </failure>
  </testcase> <!-- login -->
  <testcase classname="com.automation.base.BaseTest" name="@BeforeTest initireports" time="0.0">
    <ignored/>
  </testcase> <!-- @BeforeTest initireports -->
  <testcase classname="com.automation.base.BaseTest" name="@BeforeTest initireports" time="0.0">
    <ignored/>
  </testcase> <!-- @BeforeTest initireports -->
  <testcase classname="com.automation.base.BaseTest" name="@AfterTest generteRepots" time="0.0">
    <ignored/>
  </testcase> <!-- @AfterTest generteRepots -->
  <testcase classname="com.automation.base.BaseTest" name="@AfterTest generteRepots" time="0.0">
    <ignored/>
  </testcase> <!-- @AfterTest generteRepots -->
  <testcase classname="com.automation.base.BaseTest" name="@BeforeSuite OpenBrowser" time="0.0">
    <ignored/>
  </testcase> <!-- @BeforeSuite OpenBrowser -->
  <testcase classname="com.automation.base.BaseTest" name="@BeforeSuite OpenBrowser" time="0.0">
    <ignored/>
  </testcase> <!-- @BeforeSuite OpenBrowser -->
  <testcase classname="com.automation.base.BaseTest" name="@AfterSuite close" time="0.0">
    <ignored/>
  </testcase> <!-- @AfterSuite close -->
  <testcase classname="com.automation.base.BaseTest" name="@AfterSuite close" time="0.0">
    <ignored/>
  </testcase> <!-- @AfterSuite close -->
</testsuite> <!-- Test -->
